[LOG] System::create                           : Header version = 2.01.07. Current version = 2.01.07.
[LOG] Manager::init                            : maxchannels = 256 studioflags = 00000006 flags 00000000 extradriverdata 0000000000000000.
[LOG] SystemI::init                            : Initialize version=20107 (113487), maxchannels=256, flags=0x00020000
[LOG] SystemI::setOutputInternal               : Setting output to 'FMOD WASAPI Output'
[LOG] OutputWASAPI::init                       : Mix Format (WAVEFORMATEX): wFormatTag=0xFFFE, nChannels=2, nSamplesPerSec=48000, nAvgBytesPerSec=384000, nBlockAlign=8, wBitsPerSample=32, cbSize=22.
[LOG] OutputWASAPI::init                       : Mix Format (WAVEFORMATEXTENSIBLE): wValidBitsPerSample=32, dwChannelMask=0x00000003, SubFormat=00000003-0000-0010-8000-00AA00389B71.
[LOG] OutputWASAPI::init                       : Output buffer size: 4096 samples, latency: 0.00ms, period: 10.00ms, DSP buffer: 1024 * 4
[LOG] Thread::initThread                       : Init FMOD stream thread. Affinity: 0x8000000000000003, Priority: 0xFFFF7FFB, Stack Size: 98304, Semaphore: No, Sleep Time: 10, Looping: Yes.
[LOG] Thread::initThread                       : Init FMOD mixer thread. Affinity: 0x8000000000000001, Priority: 0xFFFF7FFA, Stack Size: 81920, Semaphore: No, Sleep Time: 0, Looping: Yes.
[LOG] AsyncManager::init                       : manager 000001B06E2279E8 isAsync 0 updatePeriod 0.02
[LOG] AsyncManager::init                       : done
[LOG] PlaybackSystem::init                     : 
[LOG] Thread::initThread                       : Init FMOD Studio sample load thread. Affinity: 0x8000000000000003, Priority: 0xFFFF7FFD, Stack Size: 98304, Semaphore: No, Sleep Time: 1, Looping: No.
[LOG] PlaybackSystem::init                     : done
[LOG] Thread::initThread                       : Init FMOD Studio bank load thread. Affinity: 0x8000000000000003, Priority: 0xFFFF7FFD, Stack Size: 98304, Semaphore: No, Sleep Time: 1, Looping: No.
[LOG] Manager::init                            : done.
[LOG] Manager::readBank                        : fileversion = 135, compatVersion = 132 (oldest = 44, newest = 135)
[LOG] SystemI::createSoundInternal             : Create name='', mode=0x02000202
[LOG] SystemI::createSoundInternal             : exinfo->cbsize             = 224
[LOG] SystemI::createSoundInternal             : exinfo->length      [LOG] Manager::readBank                        : fileversion = 135, compatVersion = 132 (oldest = 44, newest = 135)
[LOG] Manager::readBank                        : fileversion = 135, compatVersion = 132 (oldest = 44, newest = 135)
[LOG] Manager::readBank                        : fileversion = 135, compatVersion = 132 (oldest = 44, newest = 135)
[LOG] PlaybackSystem::acquireMasterBus         : Setting master channel group format to 3
[LOG] Manager::readBank                        : fileversion = 135, compatVersion = 132 (oldest = 44, newest = 135)
[LOG] Manager::readBank                        : fileversion = 135, compatVersion = 132 (oldest = 44, newest = 135)
[LOG] Manager::readBank                        : fileversion = 135, compatVersion = 132 (oldest = 44, newest = 135)
[LOG] Manager::readBank                        : fileversion = 135, compatVersion = 132 (oldest = 44, newest = 135)
[LOG] Manager::readBank                        : fileversion = 135, compatVersion = 132 (oldest = 44, newest = 135)
[LOG] Manager::readBank                        : fileversion = 135, compatVersion = 132 (oldest = 44, newest = 135)
[LOG] PlaybackSystem::acquireMasterBus         : Setting master channel group format to 3
[LOG] Thread::callback                         : FMOD Studio bank load thread finished.
[LOG] Thread::callback                         : FMOD Studio sample load thread finished.
[LOG] LiveUpdate::release                      : 
[LOG] LiveUpdate::reset                        : Reset connection (reason Disconnected)
[LOG] Thread::callback                         : FMOD stream thread finished.
[LOG] Thread::callback                         : FMOD mixer thread finished.
[LOG] SystemI::close                           : Closed.
   = 1
[LOG] SystemI::createSoundInternal             : exinfo->inclusionlist      = 000000058B07EE88
[LOG] SystemI::createSoundInternal             : exinfo->inclusionlistnum   = 1
[LOG] SystemI::createSoundInternal             : exinfo->suggestedsoundtype = 5
[LOG] SystemI::createSoundInternal             : exinfo->useropen           = 00007FFEC3417B10
[LOG] SystemI::createSoundInternal             : exinfo->userclose          = 00007FFEC3417AE0
[LOG] SystemI::createSoundInternal             : exinfo->userread           = 00007FFEC3417BE0
[LOG] SystemI::createSoundInternal             : exinfo->userseek           = 00007FFEC3417CA0
[LOG] SystemI::createSoundInternal             : exinfo->fileuserdata       = 00000156BC42D178
[LOG] SystemI::createSoundInternal             : exinfo->initialseekpostype = 1
[LOG] SystemI::DSPCodecPoolRegister            : register codec pool for pool type 5
[LOG] SystemI::createSoundInternal             : Sample 0/1: name='Screw_05', format=5, channels=2, frequency=48000, lengthbytes=4672, lengthpcm=16038, pcmblocksize=0, loopstart=0, loopend=0, mode=0x00000000, channelmask=0x00000000, channelorder=0, peakvolume=0.087558.
[LOG] SystemI::createSoundInternal             : Create name='', mode=0x02000202
[LOG] SystemI::createSoundInternal             : exinfo->cbsize             = 224
[LOG] SystemI::createSoundInternal             : exinfo->length             = 5034016
[LOG] SystemI::createSoundInternal             : exinfo->fileoffset         = 69760
[LOG] SystemI::createSoundInternal             : exinfo->numsubsounds       = 1
[LOG] SystemI::createSoundInternal             : exinfo->inclusionlist      = 000000058B07EE88
[LOG] SystemI::createSoundInternal             : exinfo->inclusionlistnum   = 1
[LOG] SystemI::createSoundInternal             : exinfo->suggestedsoundtype = 5
[LOG] SystemI::createSoundInternal             : exinfo->useropen           = 00007FFEC3417B10
[LOG] SystemI::createSoundInternal             : exinfo->userclose          = 00007FFEC3417AE0
[LOG] SystemI::createSoundInternal             : exinfo->userread           = 00007FFEC3417BE0
[LOG] SystemI::createSoundInternal             : exinfo->userseek           = 00007FFEC3417CA0
[LOG] SystemI::createSoundInternal             : exinfo->fileuserdata       = 00000156BC42D178
[LOG] SystemI::createSoundInternal             : exinfo->initialseekpostype = 1
[LOG] SystemI::DSPCodecPoolRegister            : register codec pool for pool type 5
[LOG] SystemI::createSoundInternal             : Sample 0/1: name='Screw_01', format=5, channels=2, frequency=48000, lengthbytes=3648, lengthpcm=16038, pcmblocksize=0, loopstart=0, loopend=0, mode=0x00000000, channelmask=0x00000000, channelorder=0, peakvolume=0.041204.
[LOG] SystemI::createSoundInternal             : Create name='', mode=0x02000202
[LOG] SystemI::createSoundInternal             : exinfo->cbsize             = 224
[LOG] SystemI::createSoundInternal             : exinfo->length             = 5034016
[LOG] SystemI::createSoundInternal             : exinfo->fileoffset         = 69760
[LOG] SystemI::createSoundInternal             : exinfo->numsubsounds       = 1
[LOG] SystemI::createSoundInternal             : exinfo->inclusionlist      = 000000058B07EE88
[LOG] SystemI::createSoundInternal             : exinfo->inclusionlistnum   = 1
[LOG] SystemI::createSoundInternal             : exinfo->suggestedsoundtype = 5
[LOG] SystemI::createSoundInternal             : exinfo->useropen           = 00007FFEC3417B10
[LOG] SystemI::createSoundInternal             : exinfo->userclose          = 00007FFEC3417AE0
[LOG] SystemI::createSoundInternal             : exinfo->userread           = 00007FFEC3417BE0
[LOG] SystemI::createSoundInternal             : exinfo->userseek           = 00007FFEC3417CA0
[LOG] SystemI::createSoundInternal             : exinfo->fileuserdata       = 00000156BC42D178
[LOG] SystemI::createSoundInternal             : exinfo->initialseekpostype = 1
[LOG] SystemI::DSPCodecPoolRegister            : register codec pool for pool type 5
[LOG] SystemI::createSoundInternal             : Sample 0/1: name='Screw_04', format=5, channels=2, frequency=48000, lengthbytes=2496, lengthpcm=16038, pcmblocksize=0, loopstart=0, loopend=0, mode=0x00000000, channelmask=0x00000000, channelorder=0, peakvolume=0.073964.
[LOG] SystemI::createSoundInternal             : Create name='', mode=0x02000202
[LOG] SystemI::createSoundInternal             : exinfo->cbsize             = 224
[LOG] SystemI::createSoundInternal             : exinfo->length             = 5034016
[LOG] SystemI::createSoundInternal             : exinfo->fileoffset         = 69760
[LOG] SystemI::createSoundInternal             : exinfo->numsubsounds       = 1
[LOG] SystemI::createSoundInternal             : exinfo->inclusionlist      = 000000058B07EE88
[LOG] SystemI::createSoundInternal             : exinfo->inclusionlistnum   = 1
[LOG] SystemI::createSoundInternal             : exinfo->suggestedsoundtype = 5
[LOG] SystemI::createSoundInternal             : exinfo->useropen           = 00007FFEC3417B10
[LOG] SystemI::createSoundInternal             : exinfo->userclose          = 00007FFEC3417AE0
[LOG] SystemI::createSoundInternal             : exinfo->userread           = 00007FFEC3417BE0
[LOG] SystemI::createSoundInternal             : exinfo->userseek           = 00007FFEC3417CA0
[LOG] SystemI::createSoundInternal             : exinfo->fileuserdata       = 00000156BC42D178
[LOG] SystemI::createSoundInternal             : exinfo->initialseekpostype = 1
[LOG] SystemI::DSPCodecPoolRegister            : register codec pool for pool type 5
[LOG] SystemI::createSoundInternal             : Sample 0/1: name='Screw_03', format=5, channels=2, frequency=48000, lengthbytes=4864, lengthpcm=16038, pcmblocksize=0, loopstart=0, loopend=0, mode=0x00000000, channelmask=0x00000000, channelorder=0, peakvolume=0.181080.
[LOG] SystemI::createSoundInternal             : Create name='', mode=0x02000202
[LOG] SystemI::createSoundInternal             : exinfo->cbsize             = 224
[LOG] SystemI::createSoundInternal             : exinfo->length             = 5034016
[LOG] SystemI::createSoundInternal             : exinfo->fileoffset         = 69760
[LOG] SystemI::createSoundInternal             : exinfo->numsubsounds       = 1
[LOG] SystemI::createSoundInternal             : exinfo->inclusionlist      = 000000058B07EE88
[LOG] SystemI::createSoundInternal             : exinfo->inclusionlistnum   = 1
[LOG] SystemI::createSoundInternal             : exinfo->suggestedsoundtype = 5
[LOG] SystemI::createSoundInternal             : exinfo->useropen           = 00007FFEC3417B10
[LOG] SystemI::createSoundInternal             : exinfo->userclose          = 00007FFEC3417AE0
[LOG] SystemI::createSoundInternal             : exinfo->userread           = 00007FFEC3417BE0
[LOG] SystemI::createSoundInternal             : exinfo->userseek           = 00007FFEC3417CA0
[LOG] SystemI::createSoundInternal             : exinfo->fileuserdata       = 00000156BC42D178
[LOG] SystemI::createSoundInternal             : exinfo->initialseekpostype = 1
[LOG] SystemI::DSPCodecPoolRegister            : register codec pool for pool type 5
[LOG] SystemI::createSoundInternal             : Sample 0/1: name='Screw_06', format=5, channels=2, frequency=48000, lengthbytes=3104, lengthpcm=16038, pcmblocksize=0, loopstart=0, loopend=0, mode=0x00000000, channelmask=0x00000000, channelorder=0, peakvolume=0.071091.
[LOG] SoundI::release                          :  (00000155B6BED098)
[LOG] SoundI::release                          :     Screw_02 (00000155B7982D78)
[LOG] SoundI::release                          :  (00000155B6BED208)
[LOG] SoundI::release                          :     Screw_03 (00000155B6B94448)
[LOG] SoundI::release                          :  (00000155B6BED4E8)
[LOG] SoundI::release                          :     Screw_04 (00000155B6B95968)
[LOG] SoundI::release                          :  (00000155B6BEDC18)
[LOG] SoundI::release                          :     Screw_05 (00000155B6B93408)
[LOG] SoundI::release                          :  (00000155B6BEDD88)
[LOG] SoundI::release                          :     Screw_06 (00000155B6B938E8)
[LOG] SoundI::release                          :  (00000155B6BEDAA8)
[LOG] SoundI::release                          :     Screw_01 (00000155B6B942A8)
[LOG] SoundI::release                          :  (00000153C2F6E8B8)
[LOG] SoundI::release                          :     Footstep_Sketch_Grass_04 (00000155B7984438)
[LOG] SoundI::release                          :  (00000155B661D458)
[LOG] SoundI::release                          :     Footstep_Sketch_Grass_05 (00000155B79823B8)
[LOG] SoundI::release                          :  (00000156BC62F6A8)
[LOG] SoundI::release                          :     Footstep_Sketch_Grass_06 (00000155B7983258)
[LOG] SoundI::release                          :  (00000155B661D2E8)
[LOG] SoundI::release                          :     Footstep_Sketch_Grass_07 (00000155B7985138)
[LOG] SoundI::release                          :  (00000153C2F6E5D8)
[LOG] SoundI::release                          :     Footstep_Sketch_Grass_08 (00000155B79833F8)
[LOG] SoundI::release                          :  (00000156BC62F538)
[LOG] SoundI::release                          :     Footstep_Sketch_Grass_09 (00000155B79852D8)
[LOG] SoundI::release                          :  (00000153C2F6E468)
[LOG] SoundI::release                          :     Footstep_Sketch_Grass_01 (00000155B7984AB8)
[LOG] SoundI::release                          :  (00000155B043D098)
[LOG] SoundI::release                          :     Footstep_Sketch_Grass_02 (00000155B7983598)
[LOG] SoundI::release                          :  (00000156BC62F988)
[LOG] SoundI::release                          :     Footstep_Sketch_Grass_03 (00000155B79840F8)
[LOG] SoundI::release                          :  (00000155B661CE98)
[LOG] SoundI::release                          :     Footsteps_Sketch_Wood_04 (00000155B7982558)
[LOG] SoundI::release                          :  (00000155B043D208)
[LOG] SoundI::release                          :     Footsteps_Sketch_Wood_05 (00000155B7985478)
[LOG] SoundI::release                          :  (00000155B661D008)
[LOG] SoundI::release                          :     Footsteps_Sketch_Wood_06 (00000155B7982F18)
[LOG] SoundI::release                          :  (00000155B043D378)
[LOG] SoundI::release                          :     Footsteps_Sketch_Wood_07 (00000155B7982898)
[LOG] SoundI::release                          :  (00000153C2F6EA28)
[LOG] SoundI::release                          :     Footsteps_Sketch_Wood_08 (00000155B79845D8)
[LOG] SoundI::release                          :  (00000153C2F6E748)
[LOG] SoundI::release                          :     Footsteps_Sketch_Wood_01 (00000155B7984778)
[LOG] SoundI::release                          :  (00000155B071E1F8)
[LOG] SoundI::release                          :     Footsteps_Sketch_Wood_02 (00000155B7984DF8)
[LOG] SoundI::release                          :  (00000155B071E088)
[LOG] SoundI::release                          :     Footsteps_Sketch_Wood_03 (00000155B7984C58)
[LOG] SoundI::release                          :  (00000155B043D4E8)
[LOG] SoundI::release                          :     Footsteps_Sketch_Gravel_02 (00000155B79826F8)
[LOG] SoundI::release                          :  (00000155B071E368)
[LOG] SoundI::release                          :     Footsteps_Sketch_Gravel_03 (00000155B7985618)
[LOG] SoundI::release                          :  (00000155B071E4D8)
[LOG] SoundI::release                          :     Footsteps_Sketch_Gravel_04 (00000155B7983738)
[LOG] SoundI::release                          :  (00000155B043D658)
[LOG] SoundI::release                          :     Footsteps_Sketch_Gravel_05 (00000155B7982A38)
[LOG] SoundI::release                          :  (00000155B071E648)
[LOG] SoundI::release                          :     Footsteps_Sketch_Gravel_06 (00000155B79838D8)
[LOG] SoundI::release                          :  (00000156BC62FAF8)
[LOG] SoundI::release                          :     Footsteps_Sketch_Gravel_07 (00000155B7982218)
[LOG] SoundI::release                          :  (00000156A229A628)
[LOG] SoundI::release                          :     Footsteps_Sketch_Gravel_08 (00000155B7985958)
[LOG] SoundI::release                          :  (00000155B661D178)
[LOG] SoundI::release                          :     Footsteps_Sketch_Gravel_01 (00000155B79857B8)
[LOG] Thread::callback                         : FMOD Studio update thread finished.
[LOG] Thread::callback                         : FMOD Studio bank load thread finished.
[LOG] Profile::disconnectAll                   : Profiler disconnecting all clients
[LOG] Thread::callback                         : FMOD Studio sample load thread finished.
[LOG] LiveUpdate::release                      : 
[LOG] LiveUpdate::reset                        : Reset connection (reason Disconnected)
[LOG] Thread::callback                         : FMOD stream thread finished.
[LOG] Thread::callback                         : FMOD mixer thread finished.
[LOG] Profile::disconnectAll                   : Profiler disconnecting all clients
[LOG] SystemI::close                           : Closed.
[LOG] Manager::readBank                        : fileversion = 135, compatVersion = 132 (oldest = 44, newest = 135)
[LOG] Manager::readBank                        : fileversion = 135, compatVersion = 132 (oldest = 44, newest = 135)
[LOG] Manager::readBank                        : fileversion = 135, compatVersion = 132 (oldest = 44, newest = 135)
[LOG] Manager::readBank                        : fileversion = 135, compatVersion = 132 (oldest = 44, newest = 135)
[LOG] Manager::readBank                        : fileversion = 135, compatVersion = 132 (oldest = 44, newest = 135)
[LOG] PlaybackSystem::acquireMasterBus         : Setting master channel group format to 3
[LOG] Thread::callback                         : FMOD Studio bank load thread finished.
[LOG] Thread::callback                         : FMOD Studio sample load thread finished.
[LOG] LiveUpdate::release                      : 
[LOG] LiveUpdate::reset                        : Reset connection (reason Disconnected)
[LOG] Thread::callback                         : FMOD stream thread finished.
[LOG] Thread::callback                         : FMOD mixer thread finished.
[LOG] SystemI::close                           : Closed.
